<?xml version="1.0" encoding="UTF-8"?>
<testng-results skipped="0" failed="0" ignored="0" total="1" passed="1">
  <reporter-output>
  </reporter-output>
  <suite name="Suite" duration-ms="10737" started-at="2023-02-08T13:02:49Z" finished-at="2023-02-08T13:02:59Z">
    <groups>
    </groups>
    <test name="Test" duration-ms="10737" started-at="2023-02-08T13:02:49Z" finished-at="2023-02-08T13:02:59Z">
      <class name="SeleniumFramework.VedaLinkClick.VedaLink">
        <test-method status="PASS" signature="ClickLink()[pri:0, instance:SeleniumFramework.VedaLinkClick.VedaLink@ee5251]" name="ClickLink" duration-ms="10710" started-at="2023-02-08T13:02:49Z" finished-at="2023-02-08T13:02:59Z">
          <reporter-output>
          </reporter-output>
        </test-method> <!-- ClickLink -->
      </class> <!-- SeleniumFramework.VedaLinkClick.VedaLink -->
    </test> <!-- Test -->
  </suite> <!-- Suite -->
</testng-results>
